#-----------------------------------------------------------
# xsim v2019.1 (64-bit)
# SW Build 2552052 on Fri May 24 14:47:09 MDT 2019
# IP Build 2548770 on Fri May 24 18:01:18 MDT 2019
# Start of session at: Sun Jul 26 13:12:19 2020
# Process ID: 454669
# Current directory: /afs/cern.ch/user/p/piyush/work/bitonic32/bitonicSort/solution1/sim/verilog
# Command line: xsim -mode tcl -source {xsim.dir/bitonicSort/xsim_script.tcl}
# Log file: /afs/cern.ch/user/p/piyush/work/bitonic32/bitonicSort/solution1/sim/verilog/xsim.log
# Journal file: /afs/cern.ch/user/p/piyush/work/bitonic32/bitonicSort/solution1/sim/verilog/xsim.jou
#-----------------------------------------------------------
source xsim.dir/bitonicSort/xsim_script.tcl
# xsim {bitonicSort} -autoloadwcfg -tclbatch {bitonicSort.tcl}
Vivado Simulator 2019.1
Time resolution is 1 ps
source bitonicSort.tcl
## run all
////////////////////////////////////////////////////////////////////////////////////
// Inter-Transaction Progress: Completed Transaction / Total Transaction
// Intra-Transaction Progress: Measured Latency / Latency Estimation * 100%
//
// RTL Simulation : "Inter-Transaction Progress" ["Intra-Transaction Progress"] @ "Simulation Time"
////////////////////////////////////////////////////////////////////////////////////
// RTL Simulation : 0 / 1 [0.00%] @ "110000"
// RTL Simulation : 1 / 1 [100.00%] @ "164000"
////////////////////////////////////////////////////////////////////////////////////
$finish called at time : 180960 ps : File "/afs/cern.ch/user/p/piyush/work/bitonic32/bitonicSort/solution1/sim/verilog/bitonicSort.autotb.v" Line 4032
## quit
INFO: [Common 17-206] Exiting xsim at Sun Jul 26 13:12:31 2020...
